[ 2016-12-14T07:56:35+08:00 ] ::1 /exercise/index.php/Home/Index/sjll
INFO: [ app_init ] --START--
INFO: Run Behavior\BuildLiteBehavior [ RunTime:0.000000s ]
INFO: [ app_init ] --END-- [ RunTime:0.000000s ]
INFO: [ app_begin ] --START--
INFO: Run Behavior\ReadHtmlCacheBehavior [ RunTime:0.001000s ]
INFO: [ app_begin ] --END-- [ RunTime:0.001000s ]
SQL: SHOW TABLES  [ RunTime:0.0010s ]
SQL: SHOW COLUMNS FROM `a3` [ RunTime:0.0030s ]
SQL: SELECT `id` FROM `a3`  [ RunTime:0.0010s ]
SQL: SHOW COLUMNS FROM `a4` [ RunTime:0.0030s ]
SQL: SELECT `id` FROM `a4`  [ RunTime:0.0000s ]
SQL: SHOW COLUMNS FROM `aa55` [ RunTime:0.0030s ]
SQL: SELECT `id` FROM `aa55`  [ RunTime:0.0000s ]
SQL: SHOW COLUMNS FROM `bootstrap` [ RunTime:0.0030s ]
SQL: SELECT `id` FROM `bootstrap`  [ RunTime:0.0000s ]
SQL: SHOW COLUMNS FROM `javascript` [ RunTime:0.0020s ]
SQL: SELECT `id` FROM `javascript`  [ RunTime:0.0000s ]
SQL: SHOW COLUMNS FROM `linux_commend` [ RunTime:0.0030s ]
SQL: SELECT `id` FROM `linux_commend`  [ RunTime:0.0000s ]
SQL: SHOW COLUMNS FROM `strfun` [ RunTime:0.0030s ]
SQL: SELECT `id` FROM `strfun`  [ RunTime:0.0000s ]
SQL: SHOW COLUMNS FROM `temp` [ RunTime:0.0030s ]
SQL: SELECT `id` FROM `temp`  [ RunTime:0.0000s ]
INFO: [ app_end ] --START--
INFO: Run Behavior\ShowPageTraceBehavior [ RunTime:0.000000s ]
INFO: [ app_end ] --END-- [ RunTime:0.000000s ]

